Arguments: 
  C:\Program Files\nodejs\node.exe C:\Program Files\nodejs\node_modules\yarn\bin\yarn.js dev

PATH: 
  C:\Users\CUONG63\bin;C:\Program Files\Git\mingw64\bin;C:\Program Files\Git\usr\local\bin;C:\Program Files\Git\usr\bin;C:\Program Files\Git\usr\bin;C:\Program Files\Git\mingw64\bin;C:\Program Files\Git\usr\bin;C:\Users\CUONG63\bin;C:\Program Files\Common Files\Oracle\Java\javapath;C:\Windows\system32;C:\Windows;C:\Windows\System32\Wbem;C:\Windows\System32\WindowsPowerShell\v1.0;C:\Windows\System32\OpenSSH;C:\Program Files\Git\cmd;C:\Users\CUONG63\AppData\Roaming\nvm;C:\Program Files\nodejs;C:\Program Files\Go\bin;C:\ProgramData\chocolatey\bin;C:\Program Files\Docker\Docker\resources\bin;C:\Program Files\Cloudflare\Cloudflare WARP;C:\Program Files (x86)\Bitvise SSH Client;C:\xampp\php;C:\ProgramData\ComposerSetup\bin;C:\Program Files\Microsoft SQL Server\150\Tools\Binn;C:\Program Files\Microsoft SQL Server\Client SDK\ODBC\170\Tools\Binn;C:\Program Files (x86)\Microsoft SQL Server\160\Tools\Binn;C:\Program Files\Microsoft SQL Server\160\Tools\Binn;C:\Program Files\Microsoft SQL Server\160\DTS\Binn;C:\Program Files (x86)\Microsoft SQL Server\160\DTS\Binn;C:\Program Files\Azure Data Studio\bin;C:\Program Files\dotnet;C:\Program Files\MongoDB\Server\7.0\bin;C:\Users\CUONG63\AppData\Local\Microsoft\WindowsApps;C:\Users\CUONG63\AppData\Local\Programs\Microsoft VS Code\bin;C:\Users\CUONG63\AppData\Roaming\nvm;C:\Program Files\nodejs;C:\Users\CUONG63\go\bin;C:\Users\CUONG63\AppData\Roaming\Composer\vendor\bin;C:\Program Files\Azure Data Studio\bin;C:\Users\CUONG63\.dotnet\tools;C:\msys64\ucrt64\bin;C:\Program Files\MongoDB\Server\7.0\bin;C:\Program Files\Git\usr\bin\vendor_perl;C:\Program Files\Git\usr\bin\core_perl

Yarn version: 
  1.22.19

Node version: 
  18.18.0

Platform: 
  win32 x64

Trace: 
  SyntaxError: C:\Users\CUONG63\Desktop\movie_be_on\package.json: Unexpected token / in JSON at position 133
      at JSON.parse (<anonymous>)
      at C:\Users\CUONG63\AppData\Roaming\nvm\v18.18.0\node_modules\yarn\lib\cli.js:1629:59
      at Generator.next (<anonymous>)
      at step (C:\Users\CUONG63\AppData\Roaming\nvm\v18.18.0\node_modules\yarn\lib\cli.js:310:30)
      at C:\Users\CUONG63\AppData\Roaming\nvm\v18.18.0\node_modules\yarn\lib\cli.js:321:13

npm manifest: 
  {
    "name": "movie_auth_be",
    "type": "module",
    "version": "1.0.0",
    "description": "",
    "main": "index.js",
    "scripts": {
      // "dev": "NODE_ENV=development; nodemon server.js",
      "dev": "cross-env NODE_ENV=development nodemon server.js",
      "build": "npm install",
      "start": "set NODE_ENV=production; node server.js",
      "test": "echo \"Error: no test specified\" && exit 1"
    },
    "author": "",
    "license": "ISC",
    "dependencies": {
      "bcryptjs": "^2.4.3",
      "cors": "^2.8.5",
      "dotenv": "^16.4.5",
      "express": "^4.19.2",
      "firebase-admin": "^12.1.1",
      "jsonwebtoken": "^9.0.2",
      "mongodb": "^6.6.1",
      "mongoose": "^8.3.4",
      "nodemon": "^3.1.0",
      "swagger-jsdoc": "^6.2.8",
      "swagger-ui-express": "^5.0.1"
    },
    "devDependencies": {
      "cross-env": "^7.0.3"
    }
  }

yarn manifest: 
  No manifest

Lockfile: 
  No lockfile
